[INFO][pkg.go:11]2022/04/08 15:05:47 userService--{"id":"go.micro.client","code":500,"detail":"用户名已存在","status":"Internal Server Error"}
[INFO][pkg.go:11]2022/04/08 15:06:18 userService--{"id":"go.micro.client","code":500,"detail":"用户名已存在","status":"Internal Server Error"}
[INFO][pkg.go:11]2022/04/08 15:08:32 userService--{"id":"go.micro.client","code":500,"detail":"用户名已存在","status":"Internal Server Error"}
[INFO][pkg.go:11]2022/04/08 15:14:44 userService--{"id":"go.micro.client","code":500,"detail":"邮箱已存在","status":"Internal Server Error"}
[INFO][pkg.go:11]2022/04/08 15:17:49 userService--{"id":"go.micro.client","code":500,"detail":"邮箱已存在","status":"Internal Server Error"}
[INFO][pkg.go:11]2022/04/08 15:17:54 userService--{"id":"go.micro.client","code":500,"detail":"邮箱已存在","status":"Internal Server Error"}
[INFO][pkg.go:11]2022/04/08 15:18:04 userService--{"id":"go.micro.client","code":500,"detail":"邮箱已存在","status":"Internal Server Error"}
[INFO][pkg.go:11]2022/04/08 15:18:32 userService--{"id":"go.micro.client","code":500,"detail":"邮箱已存在","status":"Internal Server Error"}
[INFO][pkg.go:11]2022/04/08 15:18:44 userService--{"id":"go.micro.client","code":500,"detail":"邮箱已存在","status":"Internal Server Error"}
[INFO][pkg.go:11]2022/04/08 15:19:44 userService--{"id":"go.micro.client","code":500,"detail":"邮箱已存在","status":"Internal Server Error"}
[INFO][pkg.go:11]2022/04/08 15:38:58 userService--{"id":"go.micro.client","code":500,"detail":"邮箱已存在","status":"Internal Server Error"}
[INFO][pkg.go:11]2022/04/08 15:48:01 userService--{"id":"go.micro.client","code":500,"detail":"邮箱已存在","status":"Internal Server Error"}
[INFO][pkg.go:11]2022/04/08 15:49:31 userService--{"id":"go.micro.client","code":500,"detail":"邮箱已存在","status":"Internal Server Error"}
[INFO][pkg.go:11]2022/04/08 15:50:53 userService--{"id":"go.micro.client","code":500,"detail":"邮箱已存在","status":"Internal Server Error"}
[INFO][pkg.go:11]2022/04/08 15:52:19 userService--{"id":"go.micro.client","code":500,"detail":"验证失败！","status":"Internal Server Error"}
[INFO][pkg.go:11]2022/04/08 16:00:10 userService--{"id":"go.micro.client","code":500,"detail":"验证失败！","status":"Internal Server Error"}
[INFO][pkg.go:11]2022/04/08 16:01:39 userService--{"id":"go.micro.client","code":408,"detail":"context deadline exceeded","status":"Request Timeout"}
[INFO][pkg.go:11]2022/04/08 16:20:35 userService--{"id":"go.micro.client","code":408,"detail":"context deadline exceeded","status":"Request Timeout"}
[INFO][pkg.go:11]2022/04/08 16:21:08 userService--{"id":"go.micro.client","code":408,"detail":"context deadline exceeded","status":"Request Timeout"}
[INFO][pkg.go:11]2022/04/08 16:21:20 userService--{"id":"go.micro.client","code":408,"detail":"context deadline exceeded","status":"Request Timeout"}
[INFO][pkg.go:11]2022/04/08 16:28:29 userService--{"id":"go.micro.client","code":408,"detail":"context deadline exceeded","status":"Request Timeout"}
[INFO][pkg.go:11]2022/04/08 16:29:23 userService--{"id":"go.micro.client","code":500,"detail":"用户名已被注册！","status":"Internal Server Error"}
[INFO][pkg.go:11]2022/04/08 16:29:56 userService--{"id":"go.micro.client","code":500,"detail":"用户名已被注册！","status":"Internal Server Error"}
[INFO][pkg.go:11]2022/04/08 16:30:56 userService--{"id":"go.micro.client","code":408,"detail":"context deadline exceeded","status":"Request Timeout"}
[INFO][pkg.go:11]2022/04/08 16:32:33 userService--{"id":"go.micro.server","code":500,"detail":"panic recovered: runtime error: invalid memory address or nil pointer dereference","status":"Internal Server Error"}
[INFO][pkg.go:11]2022/04/08 16:33:00 userService--{"id":"go.micro.client","code":408,"detail":"context deadline exceeded","status":"Request Timeout"}
[INFO][pkg.go:11]2022/04/08 16:34:20 userService--{"id":"go.micro.client","code":408,"detail":"context deadline exceeded","status":"Request Timeout"}
[INFO][pkg.go:11]2022/04/08 16:38:45 userService--{"id":"go.micro.client","code":408,"detail":"context deadline exceeded","status":"Request Timeout"}
[INFO][pkg.go:11]2022/04/08 16:38:57 userService--{"id":"go.micro.client","code":408,"detail":"context deadline exceeded","status":"Request Timeout"}
[INFO][pkg.go:11]2022/04/08 16:39:07 userService--{"id":"go.micro.client","code":408,"detail":"context deadline exceeded","status":"Request Timeout"}
[INFO][pkg.go:19]2022/04/08 17:24:56 taskService--{"id":"go.micro.client","code":500,"detail":"保存失败","status":"Internal Server Error"}
[INFO][pkg.go:19]2022/04/08 17:27:13 taskService--{"id":"go.micro.client","code":408,"detail":"context deadline exceeded","status":"Request Timeout"}
[INFO][pkg.go:11]2022/04/08 17:30:04 userService--{"id":"go.micro.client","code":500,"detail":"查询失败","status":"Internal Server Error"}
[INFO][pkg.go:11]2022/04/08 17:30:36 userService--{"id":"go.micro.client","code":408,"detail":"context deadline exceeded","status":"Request Timeout"}
[INFO][pkg.go:11]2022/04/08 17:31:48 userService--{"id":"go.micro.client","code":500,"detail":"查询失败","status":"Internal Server Error"}
[INFO][pkg.go:11]2022/04/08 17:32:57 userService--{"id":"go.micro.client","code":408,"detail":"context deadline exceeded","status":"Request Timeout"}
[INFO][pkg.go:11]2022/04/08 17:39:11 userService--{"id":"go.micro.client","code":500,"detail":"record not found","status":"Internal Server Error"}
